[2025-08-11 10:56:11Z INFO HostContext] No proxy settings were found based on environmental variables (http_proxy/https_proxy/HTTP_PROXY/HTTPS_PROXY)
[2025-08-11 10:56:11Z INFO HostContext] Well known directory 'Bin': 'C:\actions-runner\OrangeServer\bin'
[2025-08-11 10:56:11Z INFO HostContext] Well known directory 'Root': 'C:\actions-runner\OrangeServer'
[2025-08-11 10:56:11Z INFO HostContext] Well known config file 'Credentials': 'C:\actions-runner\OrangeServer\.credentials'
[2025-08-11 10:56:11Z INFO HostContext] Well known directory 'Bin': 'C:\actions-runner\OrangeServer\bin'
[2025-08-11 10:56:11Z INFO HostContext] Well known directory 'Root': 'C:\actions-runner\OrangeServer'
[2025-08-11 10:56:11Z INFO HostContext] Well known config file 'Runner': 'C:\actions-runner\OrangeServer\.runner'
[2025-08-11 10:56:11Z INFO Listener] Runner is built for Windows (X64) - win-x64.
[2025-08-11 10:56:11Z INFO Listener] RuntimeInformation: Microsoft Windows 10.0.26100.
[2025-08-11 10:56:11Z INFO Listener] Version: 2.316.0
[2025-08-11 10:56:11Z INFO Listener] Commit: 14cea13ab5e7a5f385d805bf8a9034947d25f1b6
[2025-08-11 10:56:11Z INFO Listener] Culture: uk-UA
[2025-08-11 10:56:11Z INFO Listener] UI Culture: uk-UA
[2025-08-11 10:56:11Z INFO HostContext] Well known directory 'Bin': 'C:\actions-runner\OrangeServer\bin'
[2025-08-11 10:56:11Z INFO HostContext] Well known directory 'Root': 'C:\actions-runner\OrangeServer'
[2025-08-11 10:56:11Z INFO Listener] Validating directory permissions for: 'C:\actions-runner\OrangeServer'
[2025-08-11 10:56:11Z INFO CommandLineParser] Parse
[2025-08-11 10:56:11Z INFO CommandLineParser] Parsing 5 args
[2025-08-11 10:56:11Z INFO CommandLineParser] parsing argument
[2025-08-11 10:56:11Z INFO CommandLineParser] HasArgs: False
[2025-08-11 10:56:11Z INFO CommandLineParser] Adding Command: configure
[2025-08-11 10:56:11Z INFO CommandLineParser] parsing argument
[2025-08-11 10:56:11Z INFO CommandLineParser] HasArgs: True
[2025-08-11 10:56:11Z INFO CommandLineParser] arg: url
[2025-08-11 10:56:11Z INFO CommandLineParser] parsing argument
[2025-08-11 10:56:11Z INFO CommandLineParser] HasArgs: True
[2025-08-11 10:56:11Z INFO CommandLineParser] Adding option 'url': 'https://github.com/MykhailoSymonenko/OrangeServer'
[2025-08-11 10:56:11Z INFO CommandLineParser] parsing argument
[2025-08-11 10:56:11Z INFO CommandLineParser] HasArgs: True
[2025-08-11 10:56:11Z INFO CommandLineParser] arg: token
[2025-08-11 10:56:11Z INFO CommandLineParser] parsing argument
[2025-08-11 10:56:11Z INFO CommandLineParser] HasArgs: True
[2025-08-11 10:56:11Z INFO CommandLineParser] Adding option 'token': '***'
[2025-08-11 10:56:11Z INFO Listener] Arguments parsed
[2025-08-11 10:56:11Z INFO Runner] ExecuteCommand
[2025-08-11 10:56:11Z INFO ConfigurationStore] currentAssemblyLocation: C:\actions-runner\OrangeServer\bin\Runner.Listener.dll
[2025-08-11 10:56:11Z INFO HostContext] Well known directory 'Bin': 'C:\actions-runner\OrangeServer\bin'
[2025-08-11 10:56:11Z INFO ConfigurationStore] binPath: C:\actions-runner\OrangeServer\bin
[2025-08-11 10:56:11Z INFO HostContext] Well known directory 'Bin': 'C:\actions-runner\OrangeServer\bin'
[2025-08-11 10:56:11Z INFO HostContext] Well known directory 'Root': 'C:\actions-runner\OrangeServer'
[2025-08-11 10:56:11Z INFO ConfigurationStore] RootFolder: C:\actions-runner\OrangeServer
[2025-08-11 10:56:11Z INFO HostContext] Well known directory 'Bin': 'C:\actions-runner\OrangeServer\bin'
[2025-08-11 10:56:11Z INFO HostContext] Well known directory 'Root': 'C:\actions-runner\OrangeServer'
[2025-08-11 10:56:11Z INFO HostContext] Well known config file 'Runner': 'C:\actions-runner\OrangeServer\.runner'
[2025-08-11 10:56:11Z INFO ConfigurationStore] ConfigFilePath: C:\actions-runner\OrangeServer\.runner
[2025-08-11 10:56:11Z INFO HostContext] Well known directory 'Bin': 'C:\actions-runner\OrangeServer\bin'
[2025-08-11 10:56:11Z INFO HostContext] Well known directory 'Root': 'C:\actions-runner\OrangeServer'
[2025-08-11 10:56:11Z INFO HostContext] Well known config file 'Credentials': 'C:\actions-runner\OrangeServer\.credentials'
[2025-08-11 10:56:11Z INFO ConfigurationStore] CredFilePath: C:\actions-runner\OrangeServer\.credentials
[2025-08-11 10:56:11Z INFO HostContext] Well known directory 'Bin': 'C:\actions-runner\OrangeServer\bin'
[2025-08-11 10:56:11Z INFO HostContext] Well known directory 'Root': 'C:\actions-runner\OrangeServer'
[2025-08-11 10:56:11Z INFO HostContext] Well known config file 'MigratedCredentials': 'C:\actions-runner\OrangeServer\.credentials_migrated'
[2025-08-11 10:56:11Z INFO ConfigurationStore] MigratedCredFilePath: C:\actions-runner\OrangeServer\.credentials_migrated
[2025-08-11 10:56:11Z INFO HostContext] Well known directory 'Bin': 'C:\actions-runner\OrangeServer\bin'
[2025-08-11 10:56:11Z INFO HostContext] Well known directory 'Root': 'C:\actions-runner\OrangeServer'
[2025-08-11 10:56:11Z INFO HostContext] Well known config file 'Service': 'C:\actions-runner\OrangeServer\.service'
[2025-08-11 10:56:11Z INFO ConfigurationStore] ServiceConfigFilePath: C:\actions-runner\OrangeServer\.service
[2025-08-11 10:56:11Z INFO CommandSettings] Flag 'help': 'False'
[2025-08-11 10:56:11Z INFO CommandSettings] Flag 'version': 'False'
[2025-08-11 10:56:11Z INFO CommandSettings] Flag 'commit': 'False'
[2025-08-11 10:56:11Z INFO CommandSettings] Flag 'check': 'False'
[2025-08-11 10:56:11Z INFO CommandSettings] Command 'configure': 'True'
[2025-08-11 10:56:11Z INFO Terminal] WRITE LINE: 
[2025-08-11 10:56:11Z INFO Terminal] WRITE LINE: --------------------------------------------------------------------------------
[2025-08-11 10:56:11Z INFO Terminal] WRITE LINE: |        ____ _ _   _   _       _          _        _   _                      |
[2025-08-11 10:56:11Z INFO Terminal] WRITE LINE: |       / ___(_) |_| | | |_   _| |__      / \   ___| |_(_) ___  _ __  ___      |
[2025-08-11 10:56:11Z INFO Terminal] WRITE LINE: |      | |  _| | __| |_| | | | | '_ \    / _ \ / __| __| |/ _ \| '_ \/ __|     |
[2025-08-11 10:56:11Z INFO Terminal] WRITE LINE: |      | |_| | | |_|  _  | |_| | |_) |  / ___ \ (__| |_| | (_) | | | \__ \     |
[2025-08-11 10:56:11Z INFO Terminal] WRITE LINE: |       \____|_|\__|_| |_|\__,_|_.__/  /_/   \_\___|\__|_|\___/|_| |_|___/     |
[2025-08-11 10:56:11Z INFO Terminal] WRITE LINE: |                                                                              |
[2025-08-11 10:56:11Z INFO Terminal] WRITE: |                       
[2025-08-11 10:56:11Z INFO Terminal] WRITE: Self-hosted runner registration
[2025-08-11 10:56:11Z INFO Terminal] WRITE LINE:                         |
[2025-08-11 10:56:11Z INFO Terminal] WRITE LINE: |                                                                              |
[2025-08-11 10:56:11Z INFO Terminal] WRITE LINE: --------------------------------------------------------------------------------
[2025-08-11 10:56:11Z INFO ConfigurationManager] ConfigureAsync
[2025-08-11 10:56:11Z INFO CommandSettings] Flag 'generateServiceConfig': 'False'
[2025-08-11 10:56:11Z INFO ConfigurationStore] IsConfigured()
[2025-08-11 10:56:11Z INFO ConfigurationStore] IsConfigured: False
[2025-08-11 10:56:11Z INFO ConfigurationManager] Is configured: False
[2025-08-11 10:56:11Z INFO CommandSettings] Arg 'url': 'https://github.com/MykhailoSymonenko/OrangeServer'
[2025-08-11 10:56:11Z INFO CommandSettings] Remove url from Arg dictionary.
[2025-08-11 10:56:11Z INFO CommandSettings] Arg 'token': '***'
[2025-08-11 10:56:11Z INFO CommandSettings] Remove token from Arg dictionary.
[2025-08-11 10:56:12Z ERR  Terminal] WRITE ERROR: Http response code: NotFound from 'POST https://api.github.com/actions/runner-registration' (Request Id: D2E6:C62E7:B28A077:A772693:6899CC45)
[2025-08-11 10:56:12Z ERR  Terminal] WRITE ERROR: {"message":"Not Found","documentation_url":"https://docs.github.com/rest","status":"404"}
[2025-08-11 10:56:12Z ERR  Runner] System.Net.Http.HttpRequestException: Response status code does not indicate success: 404 (Not Found).
   at System.Net.Http.HttpResponseMessage.EnsureSuccessStatusCode()
   at GitHub.Runner.Listener.Configuration.ConfigurationManager.GetTenantCredential(String githubUrl, String githubToken, String runnerEvent)
   at GitHub.Runner.Listener.Configuration.ConfigurationManager.ConfigureAsync(CommandSettings command)
   at GitHub.Runner.Listener.Runner.ExecuteCommand(CommandSettings command)
[2025-08-11 10:56:12Z ERR  Terminal] WRITE ERROR: Response status code does not indicate success: 404 (Not Found).
[2025-08-11 10:56:12Z INFO Listener] Runner execution has finished with return code 1
